<?xml version="1.0" encoding="UTF-8"?>
<!-- Generated by org.testng.reporters.JUnitXMLReporter -->
<testsuite hostname="DESKTOP-2BFT7EH" ignored="0" name="Command line test" tests="1" failures="1" timestamp="27 Jul 2017 07:55:42 GMT" time="0.168" errors="0">
  <testcase name="testCreate" time="0.138" classname="nz.ac.auckland.concert.client.concertUnitTest">
    <failure type="java.lang.NullPointerException">
      <![CDATA[java.lang.NullPointerException
	at nz.ac.auckland.concert.client.concertUnitTest.testCreate(concertUnitTest.java:70)
... Removed 34 stack frames]]>
    </failure>
  </testcase> <!-- testCreate -->
</testsuite> <!-- Command line test -->
